<?xml version="1.0" encoding="UTF-8"?>
<!-- Generated by org.testng.reporters.JUnitReportReporter -->
<testsuite hostname="Hemanth-62" failures="0" tests="1" name="feb17.AlertAHandling" time="0.148" errors="0" timestamp="2025-02-17T17:19:50 IST" skipped="0">
  <testcase classname="feb17.AlertAHandling" name="Alert" time="0.148"/>
</testsuite> <!-- feb17.AlertAHandling -->
