<?xml version="1.0" encoding="UTF-8"?>
<!-- Generated by org.testng.reporters.JUnitReportReporter -->
<testsuite hostname="Hemanth-62" failures="0" tests="1" name="dec26.Learning2" time="19.061" errors="0" timestamp="2025-02-17T13:48:24 IST" skipped="0">
  <testcase classname="dec26.Learning2" name="AmazonTesting" time="19.061"/>
</testsuite> <!-- dec26.Learning2 -->
