<?xml version="1.0" encoding="UTF-8"?>
<!-- Generated by org.testng.reporters.JUnitReportReporter -->
<testsuite hostname="Hemanth-62" failures="0" tests="1" name="jan16.Learning2" time="28.995" errors="0" timestamp="2025-02-17T13:49:29 IST" skipped="0">
  <testcase classname="jan16.Learning2" name="AmazonTesting" time="28.995"/>
</testsuite> <!-- jan16.Learning2 -->
