<?xml version="1.0" encoding="UTF-8"?>
<!-- Generated by org.testng.reporters.JUnitReportReporter -->
<testsuite hostname="DESKTOP-75VL6J5" failures="0" tests="3" name="jan9.TestNGdemo1" time="0.022" errors="0" timestamp="2025-01-09T13:35:57 IST" skipped="0">
  <testcase classname="jan9.TestNGdemo1" name="RegistrationTest" time="0.013"/>
  <testcase classname="jan9.TestNGdemo1" name="LoginTest" time="0.001"/>
  <testcase classname="jan9.TestNGdemo1" name="ForgotPasswordTest" time="0.008"/>
</testsuite> <!-- jan9.TestNGdemo1 -->
