<?xml version="1.0" encoding="UTF-8"?>
<!-- Generated by org.testng.reporters.JUnitReportReporter -->
<testsuite hostname="Hemanth-62" failures="0" tests="1" name="Guru99" time="53.503" errors="0" timestamp="2025-02-17T15:23:28 IST" skipped="0">
  <testcase classname="Guru99" name="mainMethod" time="53.503"/>
</testsuite> <!-- Guru99 -->
