<?xml version="1.0" encoding="UTF-8"?>
<!-- Generated by org.testng.reporters.JUnitReportReporter -->
<testsuite hostname="Hemanth-62" failures="0" tests="1" name="feb17.Naukari" time="30.617" errors="0" timestamp="2025-02-19T13:23:38 IST" skipped="0">
  <testcase classname="feb17.Naukari" name="Update" time="30.617"/>
</testsuite> <!-- feb17.Naukari -->
