<?xml version="1.0" encoding="UTF-8"?>
<!-- Generated by org.testng.reporters.JUnitReportReporter -->
<testsuite hostname="Hemanth-62" failures="0" tests="1" name="jan26.NewGuru99" time="21.954" errors="0" timestamp="2025-02-17T17:31:05 IST" skipped="0">
  <testcase classname="jan26.NewGuru99" name="mainMethod" time="21.954"/>
</testsuite> <!-- jan26.NewGuru99 -->
