<?xml version="1.0" encoding="UTF-8"?>
<!-- Generated by org.testng.reporters.JUnitReportReporter -->
<testsuite hostname="Hemanth-62" failures="0" tests="1" name="jan20.WindowHandleTest" time="102.532" errors="0" timestamp="2025-02-16T14:43:35 IST" skipped="0">
  <testcase classname="jan20.WindowHandleTest" name="Test" time="102.532"/>
</testsuite> <!-- jan20.WindowHandleTest -->
