<?xml version="1.0" encoding="UTF-8"?>
<!-- Generated by org.testng.reporters.JUnitReportReporter -->
<testsuite hostname="Hemanth-62" failures="0" tests="1" name="jan26.Guru99" time="46.283" errors="0" timestamp="2025-02-17T13:41:05 IST" skipped="0">
  <testcase classname="jan26.Guru99" name="mainMethod" time="46.283"/>
</testsuite> <!-- jan26.Guru99 -->
