<?xml version="1.0" encoding="UTF-8"?>
<!-- Generated by org.testng.reporters.JUnitReportReporter -->
<testsuite hostname="DESKTOP-75VL6J5" failures="0" tests="4" name="jan9.TestNGdemo3" time="0.034" errors="0" timestamp="2025-01-17T12:03:54 IST" skipped="0">
  <testcase classname="jan9.TestNGdemo3" name="registrationTest" time="0.011"/>
  <testcase classname="jan9.TestNGdemo3" name="loginTest" time="0.015"/>
  <testcase classname="jan9.TestNGdemo3" name="forgotPasswordTest" time="0.003"/>
  <testcase classname="jan9.TestNGdemo3" name="changePasswordTest" time="0.005"/>
</testsuite> <!-- jan9.TestNGdemo3 -->
